rios@asus:~/Documents/Servidor$ sudo docker-compose up
[sudo] password for rios: 
Starting mongodb ... 
Starting mongodb ... done
Starting orion ... done
Recreating cygnus ... done
Attaching to mongodb, postgres-cygnus, orion, cygnus
mongodb            | 2018-01-17T04:21:54.811+0000 I CONTROL  [initandlisten] MongoDB starting : pid=1 port=27017 dbpath=/data/db 64-bit host=mongodb
mongodb            | 2018-01-17T04:21:54.811+0000 I CONTROL  [initandlisten] db version v3.4.2
postgres-cygnus    | LOG:  database system was interrupted; last known up at 2018-01-17 03:29:38 UTC
mongodb            | 2018-01-17T04:21:54.811+0000 I CONTROL  [initandlisten] git version: 3f76e40c105fc223b3e5aac3e20dcd026b83b38b
orion              | time=Wednesday 17 Jan 04:21:56 2018.640Z | lvl=ERROR | corr=N/A | trans=N/A | from=N/A | srv=N/A | subsrv=N/A | comp=Orion | op=mongoConnectionPool.cpp[152]:mongoConnect | msg=Database Startup Error (cannot connect to mongo - doing 100 retries with a 1000 microsecond interval)
postgres-cygnus    | LOG:  database system was not properly shut down; automatic recovery in progress
mongodb            | 2018-01-17T04:21:54.811+0000 I CONTROL  [initandlisten] OpenSSL version: OpenSSL 1.0.1t  3 May 2016
mongodb            | 2018-01-17T04:21:54.811+0000 I CONTROL  [initandlisten] allocator: tcmalloc
mongodb            | 2018-01-17T04:21:54.811+0000 I CONTROL  [initandlisten] modules: none
postgres-cygnus    | LOG:  invalid record length at 0/1707CD8
mongodb            | 2018-01-17T04:21:54.811+0000 I CONTROL  [initandlisten] build environment:
postgres-cygnus    | LOG:  redo is not required
mongodb            | 2018-01-17T04:21:54.811+0000 I CONTROL  [initandlisten]     distmod: debian81
postgres-cygnus    | LOG:  MultiXact member wraparound protections are now enabled
mongodb            | 2018-01-17T04:21:54.811+0000 I CONTROL  [initandlisten]     distarch: x86_64
mongodb            | 2018-01-17T04:21:54.811+0000 I CONTROL  [initandlisten]     target_arch: x86_64
postgres-cygnus    | LOG:  autovacuum launcher started
mongodb            | 2018-01-17T04:21:54.811+0000 I CONTROL  [initandlisten] options: { storage: { mmapv1: { smallFiles: true } } }
mongodb            | 2018-01-17T04:21:54.811+0000 W -        [initandlisten] Detected unclean shutdown - /data/db/mongod.lock is not empty.
postgres-cygnus    | LOG:  database system is ready to accept connections
mongodb            | 2018-01-17T04:21:54.815+0000 I -        [initandlisten] Detected data files in /data/db created by the 'wiredTiger' storage engine, so setting the active storage engine to 'wiredTiger'.
mongodb            | 2018-01-17T04:21:54.815+0000 W STORAGE  [initandlisten] Recovering data from the last clean checkpoint.
mongodb            | 2018-01-17T04:21:54.815+0000 I STORAGE  [initandlisten] 
mongodb            | 2018-01-17T04:21:54.815+0000 I STORAGE  [initandlisten] ** WARNING: Using the XFS filesystem is strongly recommended with the WiredTiger storage engine
mongodb            | 2018-01-17T04:21:54.815+0000 I STORAGE  [initandlisten] **          See http://dochub.mongodb.org/core/prodnotes-filesystem
mongodb            | 2018-01-17T04:21:54.815+0000 I STORAGE  [initandlisten] wiredtiger_open config: create,cache_size=3433M,session_max=20000,eviction=(threads_max=4),config_base=false,statistics=(fast),log=(enabled=true,archive=true,path=journal,compressor=snappy),file_manager=(close_idle_time=100000),checkpoint=(wait=60,log_size=2GB),statistics_log=(wait=0),
mongodb            | 2018-01-17T04:21:56.699+0000 W STORAGE  [initandlisten] Detected configuration for non-active storage engine mmapv1 when current storage engine is wiredTiger
mongodb            | 2018-01-17T04:21:56.699+0000 I CONTROL  [initandlisten] 
mongodb            | 2018-01-17T04:21:56.699+0000 I CONTROL  [initandlisten] ** WARNING: Access control is not enabled for the database.
mongodb            | 2018-01-17T04:21:56.699+0000 I CONTROL  [initandlisten] **          Read and write access to data and configuration is unrestricted.
mongodb            | 2018-01-17T04:21:56.699+0000 I CONTROL  [initandlisten] 
mongodb            | 2018-01-17T04:21:56.701+0000 I FTDC     [initandlisten] Initializing full-time diagnostic data capture with directory '/data/db/diagnostic.data'
mongodb            | 2018-01-17T04:21:56.701+0000 I NETWORK  [thread1] waiting for connections on port 27017
mongodb            | 2018-01-17T04:21:57.007+0000 I FTDC     [ftdc] Unclean full-time diagnostic data capture shutdown detected, found interim file, some metrics may have been lost. OK
mongodb            | 2018-01-17T04:21:57.640+0000 I NETWORK  [thread1] connection accepted from 172.19.0.4:34034 #1 (1 connection now open)
mongodb            | 2018-01-17T04:21:57.642+0000 I NETWORK  [thread1] connection accepted from 172.19.0.4:34036 #2 (2 connections now open)
mongodb            | 2018-01-17T04:21:57.642+0000 I -        [conn1] end connection 172.19.0.4:34034 (1 connection now open)
mongodb            | 2018-01-17T04:21:57.642+0000 I NETWORK  [thread1] connection accepted from 172.19.0.4:34038 #3 (2 connections now open)
mongodb            | 2018-01-17T04:21:57.643+0000 I NETWORK  [thread1] connection accepted from 172.19.0.4:34040 #4 (3 connections now open)
mongodb            | 2018-01-17T04:21:57.643+0000 I NETWORK  [thread1] connection accepted from 172.19.0.4:34042 #5 (4 connections now open)
mongodb            | 2018-01-17T04:21:57.644+0000 I NETWORK  [thread1] connection accepted from 172.19.0.4:34044 #6 (5 connections now open)
mongodb            | 2018-01-17T04:21:57.644+0000 I NETWORK  [thread1] connection accepted from 172.19.0.4:34046 #7 (6 connections now open)
mongodb            | 2018-01-17T04:21:57.645+0000 I NETWORK  [thread1] connection accepted from 172.19.0.4:34048 #8 (7 connections now open)
mongodb            | 2018-01-17T04:21:57.645+0000 I NETWORK  [thread1] connection accepted from 172.19.0.4:34050 #9 (8 connections now open)
mongodb            | 2018-01-17T04:21:57.645+0000 I NETWORK  [thread1] connection accepted from 172.19.0.4:34052 #10 (9 connections now open)
mongodb            | 2018-01-17T04:21:57.646+0000 I NETWORK  [thread1] connection accepted from 172.19.0.4:34054 #11 (10 connections now open)
cygnus             | sed: cannot rename /opt/apache-flume/conf/sedGEwxey: Device or resource busy
cygnus             | sed: cannot rename /opt/apache-flume/conf/sedHS0Bjy: Device or resource busy
cygnus             | sed: cannot rename /opt/apache-flume/conf/sedkaTo5x: Device or resource busy
cygnus             | sed: cannot rename /opt/apache-flume/conf/sedyEbody: Device or resource busy
cygnus             | sed: cannot rename /opt/apache-flume/conf/sed79oSOw: Device or resource busy
cygnus             | sed: cannot rename /opt/apache-flume/conf/sedXoGVSw: Device or resource busy
cygnus             | sed: cannot rename /opt/apache-flume/conf/sedc7gDRw: Device or resource busy
cygnus             | sed: cannot rename /opt/apache-flume/conf/sedhKbmEw: Device or resource busy
cygnus             | sed: cannot rename /opt/apache-flume/conf/sed3bGSHw: Device or resource busy
cygnus             | sed: cannot rename /opt/apache-flume/conf/sedegaCuw: Device or resource busy
cygnus             | sed: cannot rename /opt/apache-flume/conf/sedJJHuCw: Device or resource busy
cygnus             | sed: cannot rename /opt/apache-flume/conf/sed0W4hsw: Device or resource busy
cygnus             | sed: cannot rename /opt/apache-flume/conf/sedAxervx: Device or resource busy
cygnus             | sed: cannot rename /opt/apache-flume/conf/sedlSXVkx: Device or resource busy
cygnus             | sed: cannot rename /opt/apache-flume/conf/sedoXFC9w: Device or resource busy
cygnus             | sed: cannot rename /opt/apache-flume/conf/sedFMfAbx: Device or resource busy
cygnus             | sed: cannot rename /opt/apache-flume/conf/sedc4Yh4w: Device or resource busy
cygnus             | sed: cannot rename /opt/apache-flume/conf/sedNtrJjA: Device or resource busy
cygnus             | Warning: JAVA_HOME is not set!
cygnus             | + exec /usr/bin/java -Xmx20m -Dflume.root.logger=INFO,console -Duser.timezone=UTC -Dfile.encoding=UTF-8 -cp '/opt/apache-flume/conf:/opt/apache-flume/lib/*:/opt/apache-flume/plugins.d/cygnus/lib/*:/opt/apache-flume/plugins.d/cygnus/libext/*' -Djava.library.path= com.telefonica.iot.cygnus.nodes.CygnusApplication -f /opt/apache-flume/conf/agent.conf -n cygnus-ngsi -p 8081
cygnus             | SLF4J: Class path contains multiple SLF4J bindings.
cygnus             | SLF4J: Found binding in [jar:file:/opt/apache-flume/lib/slf4j-log4j12-1.6.1.jar!/org/slf4j/impl/StaticLoggerBinder.class]
cygnus             | SLF4J: Found binding in [jar:file:/opt/apache-flume/plugins.d/cygnus/lib/cygnus-ngsi-1.8.0_SNAPSHOT-jar-with-dependencies.jar!/org/slf4j/impl/StaticLoggerBinder.class]
cygnus             | SLF4J: Found binding in [jar:file:/opt/apache-flume/plugins.d/cygnus/libext/cygnus-common-1.8.0_SNAPSHOT-jar-with-dependencies.jar!/org/slf4j/impl/StaticLoggerBinder.class]
cygnus             | SLF4J: See http://www.slf4j.org/codes.html#multiple_bindings for an explanation.
cygnus             | time=2018-01-17T04:22:18.344Z | lvl=INFO | corr=N/A | trans=N/A | srv=N/A | subsrv=N/A | comp=N/A | op=main | msg=com.telefonica.iot.cygnus.nodes.CygnusApplication[171] : Starting Cygnus, version 1.8.0_SNAPSHOT.3f677284750cd601756a67a72a20267090efdff8
cygnus             | time=2018-01-17T04:22:18.461Z | lvl=INFO | corr=N/A | trans=N/A | srv=N/A | subsrv=N/A | comp=cygnus-ngsi | op=main | msg=com.telefonica.iot.cygnus.nodes.CygnusApplication[303] : Waiting for valid Flume components references...
cygnus             | time=2018-01-17T04:22:18.461Z | lvl=INFO | corr=N/A | trans=N/A | srv=N/A | subsrv=N/A | comp=cygnus-ngsi | op=start | msg=org.apache.flume.node.PollingPropertiesFileConfigurationProvider[61] : Configuration provider starting
cygnus             | time=2018-01-17T04:22:18.464Z | lvl=INFO | corr=N/A | trans=N/A | srv=N/A | subsrv=N/A | comp=cygnus-ngsi | op=run | msg=org.apache.flume.node.PollingPropertiesFileConfigurationProvider$FileWatcherRunnable[133] : Reloading configuration file:/opt/apache-flume/conf/agent.conf
cygnus             | time=2018-01-17T04:22:18.472Z | lvl=INFO | corr=N/A | trans=N/A | srv=N/A | subsrv=N/A | comp=cygnus-ngsi | op=addProperty | msg=org.apache.flume.conf.FlumeConfiguration$AgentConfiguration[1016] : Processing:postgresql-sink
cygnus             | time=2018-01-17T04:22:18.473Z | lvl=INFO | corr=N/A | trans=N/A | srv=N/A | subsrv=N/A | comp=cygnus-ngsi | op=addProperty | msg=org.apache.flume.conf.FlumeConfiguration$AgentConfiguration[1016] : Processing:postgresql-sink
cygnus             | time=2018-01-17T04:22:18.474Z | lvl=INFO | corr=N/A | trans=N/A | srv=N/A | subsrv=N/A | comp=cygnus-ngsi | op=addProperty | msg=org.apache.flume.conf.FlumeConfiguration$AgentConfiguration[1016] : Processing:postgresql-sink
cygnus             | time=2018-01-17T04:22:18.474Z | lvl=INFO | corr=N/A | trans=N/A | srv=N/A | subsrv=N/A | comp=cygnus-ngsi | op=addProperty | msg=org.apache.flume.conf.FlumeConfiguration$AgentConfiguration[1016] : Processing:postgresql-sink
cygnus             | time=2018-01-17T04:22:18.474Z | lvl=INFO | corr=N/A | trans=N/A | srv=N/A | subsrv=N/A | comp=cygnus-ngsi | op=addProperty | msg=org.apache.flume.conf.FlumeConfiguration$AgentConfiguration[1016] : Processing:postgresql-sink
cygnus             | time=2018-01-17T04:22:18.475Z | lvl=INFO | corr=N/A | trans=N/A | srv=N/A | subsrv=N/A | comp=cygnus-ngsi | op=addProperty | msg=org.apache.flume.conf.FlumeConfiguration$AgentConfiguration[1016] : Processing:postgresql-sink
cygnus             | time=2018-01-17T04:22:18.475Z | lvl=INFO | corr=N/A | trans=N/A | srv=N/A | subsrv=N/A | comp=cygnus-ngsi | op=addProperty | msg=org.apache.flume.conf.FlumeConfiguration$AgentConfiguration[1016] : Processing:postgresql-sink
cygnus             | time=2018-01-17T04:22:18.476Z | lvl=INFO | corr=N/A | trans=N/A | srv=N/A | subsrv=N/A | comp=cygnus-ngsi | op=addProperty | msg=org.apache.flume.conf.FlumeConfiguration$AgentConfiguration[1016] : Processing:postgresql-sink
cygnus             | time=2018-01-17T04:22:18.476Z | lvl=INFO | corr=N/A | trans=N/A | srv=N/A | subsrv=N/A | comp=cygnus-ngsi | op=addProperty | msg=org.apache.flume.conf.FlumeConfiguration$AgentConfiguration[1016] : Processing:postgresql-sink
cygnus             | time=2018-01-17T04:22:18.477Z | lvl=INFO | corr=N/A | trans=N/A | srv=N/A | subsrv=N/A | comp=cygnus-ngsi | op=addProperty | msg=org.apache.flume.conf.FlumeConfiguration$AgentConfiguration[1016] : Processing:postgresql-sink
cygnus             | time=2018-01-17T04:22:18.478Z | lvl=INFO | corr=N/A | trans=N/A | srv=N/A | subsrv=N/A | comp=cygnus-ngsi | op=addProperty | msg=org.apache.flume.conf.FlumeConfiguration$AgentConfiguration[1016] : Processing:postgresql-sink
cygnus             | time=2018-01-17T04:22:18.479Z | lvl=INFO | corr=N/A | trans=N/A | srv=N/A | subsrv=N/A | comp=cygnus-ngsi | op=addProperty | msg=org.apache.flume.conf.FlumeConfiguration$AgentConfiguration[1016] : Processing:postgresql-sink
cygnus             | time=2018-01-17T04:22:18.482Z | lvl=INFO | corr=N/A | trans=N/A | srv=N/A | subsrv=N/A | comp=cygnus-ngsi | op=addProperty | msg=org.apache.flume.conf.FlumeConfiguration$AgentConfiguration[1016] : Processing:postgresql-sink
cygnus             | time=2018-01-17T04:22:18.482Z | lvl=INFO | corr=N/A | trans=N/A | srv=N/A | subsrv=N/A | comp=cygnus-ngsi | op=addProperty | msg=org.apache.flume.conf.FlumeConfiguration$AgentConfiguration[1016] : Processing:postgresql-sink
cygnus             | time=2018-01-17T04:22:18.482Z | lvl=INFO | corr=N/A | trans=N/A | srv=N/A | subsrv=N/A | comp=cygnus-ngsi | op=addProperty | msg=org.apache.flume.conf.FlumeConfiguration$AgentConfiguration[1016] : Processing:postgresql-sink
cygnus             | time=2018-01-17T04:22:18.482Z | lvl=INFO | corr=N/A | trans=N/A | srv=N/A | subsrv=N/A | comp=cygnus-ngsi | op=addProperty | msg=org.apache.flume.conf.FlumeConfiguration$AgentConfiguration[1016] : Processing:postgresql-sink
cygnus             | time=2018-01-17T04:22:18.482Z | lvl=INFO | corr=N/A | trans=N/A | srv=N/A | subsrv=N/A | comp=cygnus-ngsi | op=addProperty | msg=org.apache.flume.conf.FlumeConfiguration$AgentConfiguration[1016] : Processing:postgresql-sink
cygnus             | time=2018-01-17T04:22:18.482Z | lvl=INFO | corr=N/A | trans=N/A | srv=N/A | subsrv=N/A | comp=cygnus-ngsi | op=addProperty | msg=org.apache.flume.conf.FlumeConfiguration$AgentConfiguration[1016] : Processing:postgresql-sink
cygnus             | time=2018-01-17T04:22:18.483Z | lvl=INFO | corr=N/A | trans=N/A | srv=N/A | subsrv=N/A | comp=cygnus-ngsi | op=addProperty | msg=org.apache.flume.conf.FlumeConfiguration$AgentConfiguration[930] : Added sinks: postgresql-sink Agent: cygnus-ngsi
cygnus             | time=2018-01-17T04:22:18.496Z | lvl=INFO | corr=N/A | trans=N/A | srv=N/A | subsrv=N/A | comp=cygnus-ngsi | op=validateConfiguration | msg=org.apache.flume.conf.FlumeConfiguration[140] : Post-validation flume configuration contains configuration for agents: [cygnus-ngsi]
cygnus             | time=2018-01-17T04:22:18.496Z | lvl=INFO | corr=N/A | trans=N/A | srv=N/A | subsrv=N/A | comp=cygnus-ngsi | op=loadChannels | msg=org.apache.flume.node.AbstractConfigurationProvider[150] : Creating channels
cygnus             | time=2018-01-17T04:22:18.507Z | lvl=INFO | corr=N/A | trans=N/A | srv=N/A | subsrv=N/A | comp=cygnus-ngsi | op=create | msg=org.apache.flume.channel.DefaultChannelFactory[40] : Creating instance of channel postgresql-channel type memory
cygnus             | time=2018-01-17T04:22:18.512Z | lvl=INFO | corr=N/A | trans=N/A | srv=N/A | subsrv=N/A | comp=cygnus-ngsi | op=loadChannels | msg=org.apache.flume.node.AbstractConfigurationProvider[205] : Created channel postgresql-channel
cygnus             | time=2018-01-17T04:22:18.513Z | lvl=INFO | corr=N/A | trans=N/A | srv=N/A | subsrv=N/A | comp=cygnus-ngsi | op=create | msg=org.apache.flume.source.DefaultSourceFactory[39] : Creating instance of source http-source, type org.apache.flume.source.http.HTTPSource
cygnus             | time=2018-01-17T04:22:18.532Z | lvl=INFO | corr=N/A | trans=N/A | srv=N/A | subsrv=N/A | comp=cygnus-ngsi | op=configure | msg=com.telefonica.iot.cygnus.handlers.NGSIRestHandler[157] : [NGSIRestHandler] Startup completed
cygnus             | time=2018-01-17T04:22:18.546Z | lvl=INFO | corr=N/A | trans=N/A | srv=N/A | subsrv=N/A | comp=cygnus-ngsi | op=create | msg=org.apache.flume.sink.DefaultSinkFactory[40] : Creating instance of sink: postgresql-sink, type: com.telefonica.iot.cygnus.sinks.NGSIPostgreSQLSink
cygnus             | time=2018-01-17T04:22:18.559Z | lvl=INFO | corr=N/A | trans=N/A | srv=N/A | subsrv=N/A | comp=cygnus-ngsi | op=getConfiguration | msg=org.apache.flume.node.AbstractConfigurationProvider[119] : Channel postgresql-channel connected to [http-source, postgresql-sink]
cygnus             | time=2018-01-17T04:22:18.563Z | lvl=INFO | corr=N/A | trans=N/A | srv=N/A | subsrv=N/A | comp=cygnus-ngsi | op=startAllComponents | msg=org.apache.flume.node.Application[138] : Starting new configuration:{ sourceRunners:{http-source=EventDrivenSourceRunner: { source:org.apache.flume.source.http.HTTPSource{name:http-source,state:IDLE} }} sinkRunners:{postgresql-sink=SinkRunner: { policy:org.apache.flume.sink.DefaultSinkProcessor@6969bd2 counterGroup:{ name:null counters:{} } }} channels:{postgresql-channel=org.apache.flume.channel.MemoryChannel{name: postgresql-channel}} }
cygnus             | time=2018-01-17T04:22:18.563Z | lvl=INFO | corr=N/A | trans=N/A | srv=N/A | subsrv=N/A | comp=cygnus-ngsi | op=startAllComponents | msg=org.apache.flume.node.Application[145] : Starting Channel postgresql-channel
cygnus             | time=2018-01-17T04:22:18.608Z | lvl=INFO | corr=N/A | trans=N/A | srv=N/A | subsrv=N/A | comp=cygnus-ngsi | op=register | msg=org.apache.flume.instrumentation.MonitoredCounterGroup[110] : Monitoried counter group for type: CHANNEL, name: postgresql-channel, registered successfully.
cygnus             | time=2018-01-17T04:22:18.608Z | lvl=INFO | corr=N/A | trans=N/A | srv=N/A | subsrv=N/A | comp=cygnus-ngsi | op=start | msg=org.apache.flume.instrumentation.MonitoredCounterGroup[94] : Component type: CHANNEL, name: postgresql-channel started
cygnus             | time=2018-01-17T04:22:18.608Z | lvl=INFO | corr=N/A | trans=N/A | srv=N/A | subsrv=N/A | comp=cygnus-ngsi | op=startAllComponents | msg=org.apache.flume.node.Application[173] : Starting Sink postgresql-sink
cygnus             | time=2018-01-17T04:22:18.609Z | lvl=INFO | corr=N/A | trans=N/A | srv=N/A | subsrv=N/A | comp=cygnus-ngsi | op=startAllComponents | msg=org.apache.flume.node.Application[184] : Starting Source http-source
cygnus             | time=2018-01-17T04:22:18.611Z | lvl=INFO | corr=N/A | trans=N/A | srv=N/A | subsrv=N/A | comp=cygnus-ngsi | op=<init> | msg=com.telefonica.iot.cygnus.backends.postgresql.PostgreSQLBackendImpl[60] : PostgreSQL cache created succesfully
cygnus             | time=2018-01-17T04:22:18.612Z | lvl=INFO | corr=N/A | trans=N/A | srv=N/A | subsrv=N/A | comp=cygnus-ngsi | op=<init> | msg=com.telefonica.iot.cygnus.interceptors.CygnusGroupingRules[53] : Grouping rules read: {    "grouping_rules": [        {            "id": 1,            "fields": [                "entityType"            ],            "regex": "Room",            "destination": "new_grouped_dest",            "fiware_service_path": "/Test"        }      ]}
cygnus             | time=2018-01-17T04:22:18.613Z | lvl=INFO | corr=N/A | trans=N/A | srv=N/A | subsrv=N/A | comp=cygnus-ngsi | op=start | msg=com.telefonica.iot.cygnus.sinks.NGSISink[356] : [postgresql-sink] Startup completed
cygnus             | time=2018-01-17T04:22:18.613Z | lvl=INFO | corr=N/A | trans=N/A | srv=N/A | subsrv=N/A | comp=cygnus-ngsi | op=start | msg=com.telefonica.iot.cygnus.sinks.NGSIPostgreSQLSink[201] : [postgresql-sink] Startup completed
cygnus             | time=2018-01-17T04:22:18.623Z | lvl=INFO | corr=N/A | trans=N/A | srv=N/A | subsrv=N/A | comp=cygnus-ngsi | op=<init> | msg=com.telefonica.iot.cygnus.interceptors.CygnusGroupingRules[65] : Grouping rules syntax is OK
cygnus             | time=2018-01-17T04:22:18.625Z | lvl=INFO | corr=N/A | trans=N/A | srv=N/A | subsrv=N/A | comp=cygnus-ngsi | op=<init> | msg=com.telefonica.iot.cygnus.interceptors.CygnusGroupingRules[73] : Grouping rules loaded in memory
cygnus             | time=2018-01-17T04:22:18.627Z | lvl=INFO | corr=N/A | trans=N/A | srv=N/A | subsrv=N/A | comp=cygnus-ngsi | op=<init> | msg=com.telefonica.iot.cygnus.interceptors.CygnusGroupingRules[53] : Grouping rules read: {    "grouping_rules": [        {            "id": 1,            "fields": [                "entityType"            ],            "regex": "Room",            "destination": "new_grouped_dest",            "fiware_service_path": "/Test"        }      ]}
cygnus             | time=2018-01-17T04:22:18.628Z | lvl=INFO | corr=N/A | trans=N/A | srv=N/A | subsrv=N/A | comp=cygnus-ngsi | op=<init> | msg=com.telefonica.iot.cygnus.interceptors.CygnusGroupingRules[65] : Grouping rules syntax is OK
cygnus             | time=2018-01-17T04:22:18.629Z | lvl=INFO | corr=N/A | trans=N/A | srv=N/A | subsrv=N/A | comp=cygnus-ngsi | op=<init> | msg=com.telefonica.iot.cygnus.interceptors.CygnusGroupingRules[73] : Grouping rules loaded in memory
cygnus             | time=2018-01-17T04:22:18.711Z | lvl=INFO | corr=N/A | trans=N/A | srv=N/A | subsrv=N/A | comp=cygnus-ngsi | op=register | msg=org.apache.flume.instrumentation.MonitoredCounterGroup[110] : Monitoried counter group for type: SOURCE, name: http-source, registered successfully.
cygnus             | time=2018-01-17T04:22:18.711Z | lvl=INFO | corr=N/A | trans=N/A | srv=N/A | subsrv=N/A | comp=cygnus-ngsi | op=start | msg=org.apache.flume.instrumentation.MonitoredCounterGroup[94] : Component type: SOURCE, name: http-source started
cygnus             | time=2018-01-17T04:22:19.461Z | lvl=INFO | corr=N/A | trans=N/A | srv=N/A | subsrv=N/A | comp=cygnus-ngsi | op=main | msg=com.telefonica.iot.cygnus.nodes.CygnusApplication[315] : Starting a Jetty server listening on 0.0.0.0:8081 (Management Interface)
